<?xml version="1.0" encoding="UTF-8"?>
<!-- Generated by org.testng.reporters.JUnitXMLReporter -->
<testsuite hostname="HDC3-L-6012P1F" ignored="2" name="Test" tests="1" failures="0" timestamp="15 Aug 2017 10:11:52 GMT" time="61.729" errors="0">
  <testcase name="removeAccountingoogle" time="22.224" classname="testScripts.GoogleAccountAdd"/>
  <testcase name="addingAccountinGoogle" time="0.0" classname="testScripts.GoogleAccountAdd">
    <ignored/>
  </testcase> <!-- addingAccountinGoogle -->
  <testcase name="gmailswipeAction" time="0.0" classname="testScripts.GoogleAccountAdd">
    <ignored/>
  </testcase> <!-- gmailswipeAction -->
</testsuite> <!-- Test -->
